mktextfm ptmr7t
mktextfm ptmr7t
mktextfm ptmb7t
mktextfm nullfont
mktextfm ptmri7t
mktextfm ptmr7t
mktextfm ptmb7t
mktextfm nullfont
mktextfm ptmr7t
mktextfm ptmb7t
mktextfm nullfont
mktextfm ptmri7t
mktextfm phvr7t
mktextfm ptmb7t
mktextfm nullfont
mktextfm ptmrc7t
mktextfm ptmr7t
mktextfm ptmr7t
mktextfm ptmr7t
mktextfm ptmr7t
mktextfm ptmr7t
mktextfm ptmb7t
mktextfm nullfont
mktextfm ptmri7t
mktextfm ptmr7t
mktextfm ptmb7t
mktextfm nullfont
mktextfm ptmr7t
mktextfm ptmb7t
mktextfm nullfont
mktextfm ptmri7t
mktextfm phvr7t
mktextfm ptmb7t
mktextfm nullfont
mktextfm ptmrc7t
mktextfm ptmr7t
mktextfm ptmr7t
mktextfm ptmr7t
mktextfm ptmr7t
mktextfm ptmr7t
mktextfm ptmr7t
mktextfm ptmb7t
mktextfm nullfont
mktextfm ptmri7t
mktextfm ptmr7t
mktextfm ptmb7t
mktextfm nullfont
mktextfm ptmr7t
mktextfm ptmb7t
mktextfm nullfont
mktextfm ptmr7t
